CleanArchitectureStudy/data/build/outputs/mapping/debug/seeds.txt
com.example.data.R$animator
com.example.data.R$drawable
com.example.data.R$anim
com.example.data.R$mipmap
com.example.data.R$layout
com.example.data.db.movie.MovieDatabase_Impl
com.example.data.R$interpolator
com.example.data.R$dimen
com.example.data.R$style
com.example.data.R$string
com.example.data.R$plurals
com.example.data.db.movie.MovieDatabase
com.example.data.R$id
com.example.data.R$color
com.example.data.R$bool
com.example.data.DataBinderMapperImpl
com.example.data.R$xml
com.example.data.R$styleable
com.example.data.R$attr
com.example.data.R$integer
com.example.data.R$menu
com.example.data.R
com.example.data.R$color: int m3_popupmenu_overlay_color
com.example.data.R$layout: int abc_list_menu_item_layout
com.example.data.R$attr: int chipEndPadding
com.example.data.R$dimen: int m3_sys_elevation_level5
com.example.data.R$styleable: int Fragment_android_id
com.example.data.R$styleable: int AppCompatTextView_drawableTint
com.example.data.R$attr: int layout_constraintWidth_default
com.example.data.R$attr: int layout_constraintHorizontal_chainStyle
com.example.data.R$color: int m3_ref_palette_neutral60
com.example.data.R$styleable: int GradientColor_android_endColor
com.example.data.R$styleable: int NavigationBarView_itemActiveIndicatorStyle
com.example.data.R$attr: int customDimension
com.example.data.R$styleable: int MenuView_preserveIconSpacing
com.example.data.R$dimen: int mtrl_calendar_navigation_top_padding
com.example.data.R$styleable: int AppCompatTheme_actionModeCutDrawable
com.example.data.R$styleable: int NavigationView_dividerInsetStart
com.example.data.R$attr: int actionDropDownStyle
com.example.data.R$attr: int boxBackgroundMode
com.example.data.R$layout: int abc_action_bar_title_item
com.example.data.R$dimen: int m3_chip_corner_size
com.example.data.R$color: int error_color_material_light
com.example.data.R$style: int Widget_Material3_CardView_Elevated
com.example.data.R$styleable: int Tooltip_android_textAppearance
com.example.data.R$id: int standard
com.example.data.R$dimen: int mtrl_btn_dialog_btn_min_width
com.example.data.R$style: int Widget_AppCompat_Spinner_DropDown_ActionBar
com.example.data.R$anim: int fragment_fade_exit
com.example.data.R$attr: int number
com.example.data.R$dimen: int design_tab_text_size_2line
com.example.data.R$drawable: int abc_ic_menu_copy_mtrl_am_alpha
com.example.data.R$dimen: int mtrl_extended_fab_disabled_translation_z
com.example.data.R$style: int CardView
com.example.data.R$color: int m3_ref_palette_error80
com.example.data.R$id: int BOTTOM_START
com.example.data.R$attr: int logoDescription
com.example.data.R$style: int Widget_Material3_ExtendedFloatingActionButton_Secondary
com.example.data.R$styleable: int NavigationView_itemShapeFillColor
com.example.data.R$attr: int isMaterial3Theme
com.example.data.R$color: int m3_timepicker_button_ripple_color
com.example.data.R$style: int Theme_MaterialComponents_Dialog_Alert_Bridge
com.example.data.R$attr: int fastScrollEnabled
com.example.data.R$dimen: int default_dimension
com.example.data.R$style: int RtlOverlay_DialogWindowTitle_AppCompat
com.example.data.R$style: int Widget_MaterialComponents_CompoundButton_RadioButton
com.example.data.R$styleable: int AppBarLayoutStates_state_collapsible
com.example.data.R$dimen: int m3_btn_padding_top
com.example.data.R$interpolator: int btn_checkbox_unchecked_mtrl_animation_interpolator_0
com.example.data.R$style: int Base_CardView
com.example.data.R$style: int Widget_AppCompat_ListView
com.example.data.R$attr: int elevation
com.example.data.R$dimen: int m3_badge_with_text_vertical_offset
com.example.data.R$styleable: int FontFamilyFont_android_fontVariationSettings
com.example.data.R$styleable: int KeyTrigger_triggerId
com.example.data.R$styleable: int ColorStateListItem_alpha
com.example.data.R$style: int Base_Widget_AppCompat_ActionBar_Solid
com.example.data.R$style: int TextAppearance_Compat_Notification
com.example.data.R$style: int Base_Widget_Material3_TabLayout_Secondary