CleanArchitectureStudy/data/build/outputs/mapping/debug/mapping.txt
# compiler: R8
# compiler_version: 3.1.66
# pg_map_id: ce76dc4
# common_typos_disable
# {"id":"com.android.tools.r8.mapping","version":"1.0"}
com.example.data.DataBinderMapperImpl -> com.example.data.DataBinderMapperImpl:
    android.util.SparseIntArray INTERNAL_LAYOUT_ID_LOOKUP -> a
    19:19:void <clinit>() -> <clinit>
    18:18:void <init>() -> <init>
    23:30:androidx.databinding.ViewDataBinding getDataBinder(androidx.databinding.DataBindingComponent,android.view.View,int) -> a
    35:47:androidx.databinding.ViewDataBinding getDataBinder(androidx.databinding.DataBindingComponent,android.view.View[],int) -> a
    67:70:java.util.List collectDependencies() -> collectDependencies
    61:62:java.lang.String convertBrIdToString(int) -> convertBrIdToString
    52:56:int getLayoutId(java.lang.String) -> getLayoutId
com.example.data.DataBinderMapperImpl$InnerBrLookup -> com.example.data.DataBinderMapperImpl$a:
    android.util.SparseArray sKeys -> a
    74:78:void <clinit>() -> <clinit>
com.example.data.DataBinderMapperImpl$InnerLayoutIdLookup -> com.example.data.DataBinderMapperImpl$b:
    java.util.HashMap sKeys -> a
    82:82:void <clinit>() -> <clinit>
com.example.data.db.movie.MovieDao -> b.a:
com.example.data.db.movie.MovieDao_Impl -> b.b:
    313:313:java.util.List getRequiredConverters() -> a
com.example.data.db.movie.MovieDatabase -> com.example.data.db.movie.MovieDatabase:
    12:12:void <init>() -> <init>
com.example.data.db.movie.MovieDatabase_Impl -> com.example.data.db.movie.MovieDatabase_Impl:
    32:32:void <init>() -> <init>
    32:32:java.util.List access$000(com.example.data.db.movie.MovieDatabase_Impl) -> a
    32:32:androidx.sqlite.db.SupportSQLiteDatabase access$602(com.example.data.db.movie.MovieDatabase_Impl,androidx.sqlite.db.SupportSQLiteDatabase) -> a
    32:32:java.util.List access$100(com.example.data.db.movie.MovieDatabase_Impl) -> b
    32:32:void access$700(com.example.data.db.movie.MovieDatabase_Impl,androidx.sqlite.db.SupportSQLiteDatabase) -> b
    32:32:java.util.List access$1000(com.example.data.db.movie.MovieDatabase_Impl) -> c
    124:137:void clearAllTables() -> clearAllTables
    117:119:androidx.room.InvalidationTracker createInvalidationTracker() -> createInvalidationTracker
    37:112:androidx.sqlite.db.SupportSQLiteOpenHelper createOpenHelper(androidx.room.DatabaseConfiguration) -> createOpenHelper
    32:32:java.util.List access$200(com.example.data.db.movie.MovieDatabase_Impl) -> d
    32:32:java.util.List access$300(com.example.data.db.movie.MovieDatabase_Impl) -> e
    32:32:java.util.List access$400(com.example.data.db.movie.MovieDatabase_Impl) -> f
    32:32:java.util.List access$500(com.example.data.db.movie.MovieDatabase_Impl) -> g
    155:155:java.util.List getAutoMigrations(java.util.Map) -> getAutoMigrations
    148:149:java.util.Set getRequiredAutoMigrationSpecs() -> getRequiredAutoMigrationSpecs
com.example.data.db.movie.MovieDatabase_Impl$1 -> com.example.data.db.movie.MovieDatabase_Impl$a:
    com.example.data.db.movie.MovieDatabase_Impl this$0 -> a
    37:37:void <init>(com.example.data.db.movie.MovieDatabase_Impl,int) -> <init>
    40:43:void createAllTables(androidx.sqlite.db.SupportSQLiteDatabase) -> createAllTables
    47:53:void dropAllTables(androidx.sqlite.db.SupportSQLiteDatabase) -> dropAllTables
    57:62:void onCreate(androidx.sqlite.db.SupportSQLiteDatabase) -> onCreate
    66:73:void onOpen(androidx.sqlite.db.SupportSQLiteDatabase) -> onOpen
    82:82:void onPostMigrate(androidx.sqlite.db.SupportSQLiteDatabase) -> onPostMigrate
    77:78:void onPreMigrate(androidx.sqlite.db.SupportSQLiteDatabase) -> onPreMigrate
    86:104:androidx.room.RoomOpenHelper$ValidationResult onValidateSchema(androidx.sqlite.db.SupportSQLiteDatabase) -> onValidateSchema
com.example.data.model.movie.MovieEntity -> c.a:
...
androidx.databinding.DataBindingComponent -> a.a: